# Logfile created on 2014-02-19 13:33:34 +0000 by logger.rb/44203
I, [2014-02-19T13:33:34.406599 #89961]  INFO -- : 0:  addressable (2.3.5) from /Users/makis/.rvm/gems/ruby-2.1.0/specifications/addressable-2.3.5.gemspec
I, [2014-02-19T13:33:34.407611 #89961]  INFO -- : 0:  bcrypt-ruby (3.1.2) from /Users/makis/.rvm/gems/ruby-2.1.0/specifications/bcrypt-ruby-3.1.2.gemspec
I, [2014-02-19T13:33:34.407991 #89961]  INFO -- : 0:  builder (3.2.2) from /Users/makis/.rvm/gems/ruby-2.1.0/specifications/builder-3.2.2.gemspec
I, [2014-02-19T13:33:34.408401 #89961]  INFO -- : 0:  mime-types (2.1) from /Users/makis/.rvm/gems/ruby-2.1.0/specifications/mime-types-2.1.gemspec
I, [2014-02-19T13:33:34.408799 #89961]  INFO -- : 0:  mini_portile (0.5.2) from /Users/makis/.rvm/gems/ruby-2.1.0/specifications/mini_portile-0.5.2.gemspec
I, [2014-02-19T13:33:34.409216 #89961]  INFO -- : 0:  nokogiri (1.6.1) from /Users/makis/.rvm/gems/ruby-2.1.0/specifications/nokogiri-1.6.1.gemspec
I, [2014-02-19T13:33:34.409787 #89961]  INFO -- : 0:  rack (1.5.2) from /Users/makis/.rvm/gems/ruby-2.1.0/specifications/rack-1.5.2.gemspec
I, [2014-02-19T13:33:34.410191 #89961]  INFO -- : 0:  rack-test (0.6.2) from /Users/makis/.rvm/gems/ruby-2.1.0/specifications/rack-test-0.6.2.gemspec
I, [2014-02-19T13:33:34.410580 #89961]  INFO -- : 0:  xpath (2.0.0) from /Users/makis/.rvm/gems/ruby-2.1.0/specifications/xpath-2.0.0.gemspec
I, [2014-02-19T13:33:34.411149 #89961]  INFO -- : 0:  capybara (2.2.1) from /Users/makis/.rvm/gems/ruby-2.1.0/specifications/capybara-2.2.1.gemspec
I, [2014-02-19T13:33:34.411574 #89961]  INFO -- : 0:  diff-lcs (1.2.5) from /Users/makis/.rvm/gems/ruby-2.1.0/specifications/diff-lcs-1.2.5.gemspec
I, [2014-02-19T13:33:34.411955 #89961]  INFO -- : 0:  multi_json (1.8.4) from /Users/makis/.rvm/gems/ruby-2.1.0/specifications/multi_json-1.8.4.gemspec
I, [2014-02-19T13:33:34.412306 #89961]  INFO -- : 0:  gherkin (2.12.2) from /Users/makis/.rvm/gems/ruby-2.1.0/specifications/gherkin-2.12.2.gemspec
I, [2014-02-19T13:33:34.412682 #89961]  INFO -- : 0:  multi_test (0.0.3) from /Users/makis/.rvm/gems/ruby-2.1.0/specifications/multi_test-0.0.3.gemspec
I, [2014-02-19T13:33:34.413056 #89961]  INFO -- : 0:  cucumber (1.3.10) from /Users/makis/.rvm/gems/ruby-2.1.0/specifications/cucumber-1.3.10.gemspec
I, [2014-02-19T13:33:34.413464 #89961]  INFO -- : 0:  extlib (0.9.16) from /Users/makis/.rvm/gems/ruby-2.1.0/specifications/extlib-0.9.16.gemspec
I, [2014-02-19T13:33:34.413812 #89961]  INFO -- : 0:  highline (1.6.20) from /Users/makis/.rvm/gems/ruby-2.1.0/specifications/highline-1.6.20.gemspec
I, [2014-02-19T13:33:34.414222 #89961]  INFO -- : 0:  templater (1.0.0) from /Users/makis/.rvm/gems/ruby-2.1.0/specifications/templater-1.0.0.gemspec
I, [2014-02-19T13:33:34.414608 #89961]  INFO -- : 0:  cucumber-sinatra (0.5.0) from /Users/makis/.rvm/gems/ruby-2.1.0/specifications/cucumber-sinatra-0.5.0.gemspec
I, [2014-02-19T13:33:34.415043 #89961]  INFO -- : 0:  dm-core (1.2.1) from /Users/makis/.rvm/gems/ruby-2.1.0/specifications/dm-core-1.2.1.gemspec
I, [2014-02-19T13:33:34.415414 #89961]  INFO -- : 0:  dm-aggregates (1.2.0) from /Users/makis/.rvm/gems/ruby-2.1.0/specifications/dm-aggregates-1.2.0.gemspec
I, [2014-02-19T13:33:34.415808 #89961]  INFO -- : 0:  dm-constraints (1.2.0) from /Users/makis/.rvm/gems/ruby-2.1.0/specifications/dm-constraints-1.2.0.gemspec
I, [2014-02-19T13:33:34.416274 #89961]  INFO -- : 0:  dm-migrations (1.2.0) from /Users/makis/.rvm/gems/ruby-2.1.0/specifications/dm-migrations-1.2.0.gemspec
I, [2014-02-19T13:33:34.416793 #89961]  INFO -- : 0:  fastercsv (1.5.5) from /Users/makis/.rvm/gems/ruby-2.1.0/specifications/fastercsv-1.5.5.gemspec
I, [2014-02-19T13:33:34.417446 #89961]  INFO -- : 0:  json (1.8.1) from /Users/makis/.rvm/rubies/ruby-2.1.0/lib/ruby/gems/2.1.0/specifications/default/json-1.8.1.gemspec
I, [2014-02-19T13:33:34.417811 #89961]  INFO -- : 0:  json_pure (1.8.1) from /Users/makis/.rvm/gems/ruby-2.1.0/specifications/json_pure-1.8.1.gemspec
I, [2014-02-19T13:33:34.418201 #89961]  INFO -- : 0:  dm-serializer (1.2.2) from /Users/makis/.rvm/gems/ruby-2.1.0/specifications/dm-serializer-1.2.2.gemspec
I, [2014-02-19T13:33:34.418575 #89961]  INFO -- : 0:  dm-timestamps (1.2.0) from /Users/makis/.rvm/gems/ruby-2.1.0/specifications/dm-timestamps-1.2.0.gemspec
I, [2014-02-19T13:33:34.418875 #89961]  INFO -- : 0:  dm-transactions (1.2.0) from /Users/makis/.rvm/gems/ruby-2.1.0/specifications/dm-transactions-1.2.0.gemspec
I, [2014-02-19T13:33:34.419208 #89961]  INFO -- : 0:  stringex (1.5.1) from /Users/makis/.rvm/gems/ruby-2.1.0/specifications/stringex-1.5.1.gemspec
I, [2014-02-19T13:33:34.419553 #89961]  INFO -- : 0:  uuidtools (2.1.4) from /Users/makis/.rvm/gems/ruby-2.1.0/specifications/uuidtools-2.1.4.gemspec
I, [2014-02-19T13:33:34.419892 #89961]  INFO -- : 0:  dm-types (1.2.2) from /Users/makis/.rvm/gems/ruby-2.1.0/specifications/dm-types-1.2.2.gemspec
I, [2014-02-19T13:33:34.420193 #89961]  INFO -- : 0:  dm-validations (1.2.0) from /Users/makis/.rvm/gems/ruby-2.1.0/specifications/dm-validations-1.2.0.gemspec
I, [2014-02-19T13:33:34.420524 #89961]  INFO -- : 0:  data_mapper (1.2.0) from /Users/makis/.rvm/gems/ruby-2.1.0/specifications/data_mapper-1.2.0.gemspec
I, [2014-02-19T13:33:34.420898 #89961]  INFO -- : 0:  data_objects (0.10.14) from /Users/makis/.rvm/gems/ruby-2.1.0/specifications/data_objects-0.10.14.gemspec
I, [2014-02-19T13:33:34.513952 #89961]  INFO -- : 0:  database_cleaner (1.2.0) from /Users/makis/.rvm/gems/ruby-2.1.0/bundler/gems/database_cleaner-b254ce57bdee/database_cleaner.gemspec
I, [2014-02-19T13:33:34.514396 #89961]  INFO -- : 0:  dm-do-adapter (1.2.0) from /Users/makis/.rvm/gems/ruby-2.1.0/specifications/dm-do-adapter-1.2.0.gemspec
I, [2014-02-19T13:33:34.514691 #89961]  INFO -- : 0:  do_postgres (0.10.14) from /Users/makis/.rvm/gems/ruby-2.1.0/specifications/do_postgres-0.10.14.gemspec
I, [2014-02-19T13:33:34.514981 #89961]  INFO -- : 0:  dm-postgres-adapter (1.2.0) from /Users/makis/.rvm/gems/ruby-2.1.0/specifications/dm-postgres-adapter-1.2.0.gemspec
I, [2014-02-19T13:33:34.515263 #89961]  INFO -- : 0:  rack-flash3 (1.0.5) from /Users/makis/.rvm/gems/ruby-2.1.0/specifications/rack-flash3-1.0.5.gemspec
I, [2014-02-19T13:33:34.515571 #89961]  INFO -- : 0:  rack-protection (1.5.2) from /Users/makis/.rvm/gems/ruby-2.1.0/specifications/rack-protection-1.5.2.gemspec
I, [2014-02-19T13:33:34.515862 #89961]  INFO -- : 0:  rspec-core (2.14.7) from /Users/makis/.rvm/gems/ruby-2.1.0/specifications/rspec-core-2.14.7.gemspec
I, [2014-02-19T13:33:34.516156 #89961]  INFO -- : 0:  rspec-expectations (2.14.5) from /Users/makis/.rvm/gems/ruby-2.1.0/specifications/rspec-expectations-2.14.5.gemspec
I, [2014-02-19T13:33:34.516435 #89961]  INFO -- : 0:  rspec-mocks (2.14.5) from /Users/makis/.rvm/gems/ruby-2.1.0/specifications/rspec-mocks-2.14.5.gemspec
I, [2014-02-19T13:33:34.516732 #89961]  INFO -- : 0:  rspec (2.14.1) from /Users/makis/.rvm/gems/ruby-2.1.0/specifications/rspec-2.14.1.gemspec
I, [2014-02-19T13:33:34.517063 #89961]  INFO -- : 0:  tilt (1.4.1) from /Users/makis/.rvm/gems/ruby-2.1.0/specifications/tilt-1.4.1.gemspec
I, [2014-02-19T13:33:34.517326 #89961]  INFO -- : 0:  sinatra (1.4.4) from /Users/makis/.rvm/gems/ruby-2.1.0/specifications/sinatra-1.4.4.gemspec
I, [2014-02-19T13:33:34.517687 #89961]  INFO -- : 0:  bundler (1.5.1) from /Users/makis/.rvm/gems/ruby-2.1.0@global/specifications/bundler-1.5.1.gemspec
